In file included from [01m[K/opt/ros/noetic/include/trac_ik/trac_ik.hpp:35[m[K,
                 from [01m[K/home/RVLuser/ferit_ur5_ws/src/ur5_configs/stomp_ros/stomp_moveit/include/stomp_moveit/utils/kinematics.h:40[m[K,
                 from [01m[K/home/RVLuser/ferit_ur5_ws/src/ur5_configs/stomp_ros/stomp_moveit/src/utils/kinematics.cpp:27[m[K:
[01m[K/opt/ros/noetic/include/trac_ik/nlopt_ik.hpp:35:10:[m[K [01;31m[Kfatal error: [m[Knlopt.hpp: No such file or directory
   35 | #include [01;31m[K<nlopt.hpp>[m[K
      |          [01;31m[K^~~~~~~~~~~[m[K
compilation terminated.
make[2]: *** [CMakeFiles/stomp_moveit.dir/build.make:89: CMakeFiles/stomp_moveit.dir/src/utils/kinematics.cpp.o] Error 1
make[2]: *** Waiting for unfinished jobs....
In file included from [01m[K/opt/ros/noetic/include/trac_ik/trac_ik.hpp:35[m[K,
                 from [01m[K/home/RVLuser/ferit_ur5_ws/src/ur5_configs/stomp_ros/stomp_moveit/include/stomp_moveit/utils/kinematics.h:40[m[K,
                 from [01m[K/home/RVLuser/ferit_ur5_ws/src/ur5_configs/stomp_ros/stomp_moveit/include/stomp_moveit/stomp_planner.h:32[m[K,
                 from [01m[K/home/RVLuser/ferit_ur5_ws/src/ur5_configs/stomp_ros/stomp_moveit/src/stomp_planner.cpp:28[m[K:
[01m[K/opt/ros/noetic/include/trac_ik/nlopt_ik.hpp:35:10:[m[K [01;31m[Kfatal error: [m[Knlopt.hpp: No such file or directory
   35 | #include [01;31m[K<nlopt.hpp>[m[K
      |          [01;31m[K^~~~~~~~~~~[m[K
compilation terminated.
make[2]: *** [CMakeFiles/stomp_moveit.dir/build.make:76: CMakeFiles/stomp_moveit.dir/src/stomp_planner.cpp.o] Error 1
make[1]: *** [CMakeFiles/Makefile2:288: CMakeFiles/stomp_moveit.dir/all] Error 2
make[1]: *** Waiting for unfinished jobs....
make: *** [Makefile:141: all] Error 2
